Using pre-set license
Built from '2020.3/release' branch; Version is '2020.3.27f1 (e759542391ea) revision 15161684'; Using compiler version '192528614'; Build Type 'Release'
OS: 'Windows 10  (10.0.19044) 64bit Professional' Language: 'pt' Physical Memory: 16334 MB
BatchMode: 1, IsHumanControllingUs: 0, StartBugReporterOnCrash: 0, Is64bit: 1, IsPro: 0

COMMAND LINE ARGUMENTS:
E:\Ficheiros Windows\Unity\2020.3.27f1\Editor\Unity.exe
-adb2
-batchMode
-noUpm
-name
AssetImportWorker0
-projectPath
C:/Users/Marco/Documents/GitHub/Real-time audio
-logFile
Logs/AssetImportWorker0.log
-srvPort
52640
Successfully changed project path to: C:/Users/Marco/Documents/GitHub/Real-time audio
C:/Users/Marco/Documents/GitHub/Real-time audio
Using Asset Import Pipeline V2.
Refreshing native plugins compatible for Editor in 86.52 ms, found 2 plugins.
Preloading 0 native plugins for Editor in 0.00 ms.
Initialize engine version: 2020.3.27f1 (e759542391ea)
[Subsystems] Discovering subsystems at path E:/Ficheiros Windows/Unity/2020.3.27f1/Editor/Data/Resources/UnitySubsystems
[Subsystems] Discovering subsystems at path C:/Users/Marco/Documents/GitHub/Real-time audio/Assets
GfxDevice: creating device client; threaded=0
Direct3D:
    Version:  Direct3D 11.0 [level 11.1]
    Renderer: NVIDIA GeForce GTX 1660 Ti (ID=0x2182)
    Vendor:   
    VRAM:     5991 MB
    Driver:   30.0.15.1277
Initialize mono
Mono path[0] = 'E:/Ficheiros Windows/Unity/2020.3.27f1/Editor/Data/Managed'
Mono path[1] = 'E:/Ficheiros Windows/Unity/2020.3.27f1/Editor/Data/MonoBleedingEdge/lib/mono/unityjit'
Mono config path = 'E:/Ficheiros Windows/Unity/2020.3.27f1/Editor/Data/MonoBleedingEdge/etc'
Using monoOptions --debugger-agent=transport=dt_socket,embedding=1,server=y,suspend=n,address=127.0.0.1:56224
Begin MonoManager ReloadAssembly
Registering precompiled unity dll's ...
Register platform support module: E:/Ficheiros Windows/Unity/2020.3.27f1/Editor/Data/PlaybackEngines/WebGLSupport/UnityEditor.WebGL.Extensions.dll
Register platform support module: E:/Ficheiros Windows/Unity/2020.3.27f1/Editor/Data/PlaybackEngines/WindowsStandaloneSupport/UnityEditor.WindowsStandalone.Extensions.dll
Registered in 0.008353 seconds.
Native extension for WindowsStandalone target not found
Native extension for WebGL target not found
Refreshing native plugins compatible for Editor in 95.43 ms, found 2 plugins.
Preloading 0 native plugins for Editor in 0.00 ms.
Mono: successfully reloaded assembly
- Completed reload, in  1.280 seconds
Domain Reload Profiling:
	ReloadAssembly (1280ms)
		BeginReloadAssembly (225ms)
			ExecutionOrderSort (0ms)
			DisableScriptedObjects (0ms)
			BackupInstance (0ms)
			ReleaseScriptingObjects (0ms)
			CreateAndSetChildDomain (1ms)
		EndReloadAssembly (808ms)
			LoadAssemblies (220ms)
			RebuildTransferFunctionScriptingTraits (0ms)
			SetupTypeCache (298ms)
			ReleaseScriptCaches (0ms)
			RebuildScriptCaches (58ms)
			SetupLoadedEditorAssemblies (303ms)
				LogAssemblyErrors (0ms)
				InitializePlatformSupportModulesInManaged (14ms)
				SetLoadedEditorAssemblies (0ms)
				RefreshPlugins (96ms)
				BeforeProcessingInitializeOnLoad (16ms)
				ProcessInitializeOnLoadAttributes (126ms)
				ProcessInitializeOnLoadMethodAttributes (51ms)
				AfterProcessingInitializeOnLoad (0ms)
				EditorAssembliesLoaded (0ms)
			ExecutionOrderSort2 (0ms)
			AwakeInstancesAfterBackupRestoration (0ms)
Platform modules already initialized, skipping
Registering precompiled user dll's ...
Registered in 0.009443 seconds.
Begin MonoManager ReloadAssembly
Native extension for WindowsStandalone target not found
Native extension for WebGL target not found
Refreshing native plugins compatible for Editor in 62.50 ms, found 2 plugins.
Preloading 0 native plugins for Editor in 0.00 ms.
Mono: successfully reloaded assembly
- Completed reload, in  1.773 seconds
Domain Reload Profiling:
	ReloadAssembly (1774ms)
		BeginReloadAssembly (315ms)
			ExecutionOrderSort (0ms)
			DisableScriptedObjects (19ms)
			BackupInstance (0ms)
			ReleaseScriptingObjects (0ms)
			CreateAndSetChildDomain (31ms)
		EndReloadAssembly (1354ms)
			LoadAssemblies (217ms)
			RebuildTransferFunctionScriptingTraits (0ms)
			SetupTypeCache (530ms)
			ReleaseScriptCaches (1ms)
			RebuildScriptCaches (52ms)
			SetupLoadedEditorAssemblies (479ms)
				LogAssemblyErrors (0ms)
				InitializePlatformSupportModulesInManaged (5ms)
				SetLoadedEditorAssemblies (0ms)
				RefreshPlugins (63ms)
				BeforeProcessingInitializeOnLoad (102ms)
				ProcessInitializeOnLoadAttributes (280ms)
				ProcessInitializeOnLoadMethodAttributes (11ms)
				AfterProcessingInitializeOnLoad (17ms)
				EditorAssembliesLoaded (0ms)
			ExecutionOrderSort2 (0ms)
			AwakeInstancesAfterBackupRestoration (7ms)
Platform modules already initialized, skipping
========================================================================
Worker process is ready to serve import requests
Launched and connected shader compiler UnityShaderCompiler.exe after 0.10 seconds
Refreshing native plugins compatible for Editor in 1.08 ms, found 2 plugins.
Preloading 0 native plugins for Editor in 0.00 ms.
Unloading 2811 Unused Serialized files (Serialized files now loaded: 0)
System memory in use before: 125.6 MB.
System memory in use after: 125.8 MB.

Unloading 20 unused Assets to reduce memory usage. Loaded Objects now: 3241.
Total: 6.705100 ms (FindLiveObjects: 0.549100 ms CreateObjectMapping: 0.404100 ms MarkObjects: 5.614700 ms  DeleteObjects: 0.135200 ms)

AssetImportParameters requested are different than current active one (requested -> active):
  custom:framework-win-MediaFoundation: 216162199b28c13a410421893ffa2e32 -> 
  custom:video-decoder-ogg-theora: a1e56fd34408186e4bbccfd4996cb3dc -> 
  custom:container-muxer-webm: aa71ff27fc2769a1b78a27578f13a17b -> 
  custom:container-demuxer-webm: 4f35f7cbe854078d1ac9338744f61a02 -> 
  custom:container-demuxer-ogg: 62fdf1f143b41e24485cea50d1cbac27 -> 
  custom:video-encoder-webm-vp8: eb34c28f22e8b96e1ab97ce403110664 -> 
  custom:video-decoder-webm-vp8: 9c59270c3fd7afecdb556c50c9e8de78 -> 
  custom:audio-decoder-ogg-vorbis: bf7c407c2cedff20999df2af8eb42d56 -> 
  custom:audio-encoder-webm-vorbis: bf7c407c2cedff20999df2af8eb42d56 -> 
========================================================================
Received Import Request.
  path: Assets/Readme.asset
  artifactKey: Guid(83c2ed844a8c74b779a4c823d16594b1) Importer(815301076,1909f56bfc062723c751e8b465ee728b)
Start importing Assets/Readme.asset using Guid(83c2ed844a8c74b779a4c823d16594b1) Importer(815301076,1909f56bfc062723c751e8b465ee728b)  -> (artifact id: '8ffd2c44ffeb50c574abb5d0c4453328') in 0.084594 seconds 
  Import took 0.092621 seconds .

========================================================================
Received Prepare
Registering precompiled user dll's ...
Registered in 0.005086 seconds.
Begin MonoManager ReloadAssembly
Native extension for WindowsStandalone target not found
Native extension for WebGL target not found
Refreshing native plugins compatible for Editor in 0.58 ms, found 2 plugins.
Preloading 0 native plugins for Editor in 0.00 ms.
Mono: successfully reloaded assembly
- Completed reload, in  1.305 seconds
Domain Reload Profiling:
	ReloadAssembly (1305ms)
		BeginReloadAssembly (211ms)
			ExecutionOrderSort (0ms)
			DisableScriptedObjects (5ms)
			BackupInstance (0ms)
			ReleaseScriptingObjects (0ms)
			CreateAndSetChildDomain (43ms)
		EndReloadAssembly (1017ms)
			LoadAssemblies (179ms)
			RebuildTransferFunctionScriptingTraits (0ms)
			SetupTypeCache (415ms)
			ReleaseScriptCaches (1ms)
			RebuildScriptCaches (42ms)
			SetupLoadedEditorAssemblies (339ms)
				LogAssemblyErrors (0ms)
				InitializePlatformSupportModulesInManaged (5ms)
				SetLoadedEditorAssemblies (1ms)
				RefreshPlugins (1ms)
				BeforeProcessingInitializeOnLoad (82ms)
				ProcessInitializeOnLoadAttributes (226ms)
				ProcessInitializeOnLoadMethodAttributes (10ms)
				AfterProcessingInitializeOnLoad (15ms)
				EditorAssembliesLoaded (0ms)
			ExecutionOrderSort2 (0ms)
			AwakeInstancesAfterBackupRestoration (10ms)
Platform modules already initialized, skipping
Refreshing native plugins compatible for Editor in 0.62 ms, found 2 plugins.
Preloading 0 native plugins for Editor in 0.00 ms.
Unloading 2703 Unused Serialized files (Serialized files now loaded: 0)
System memory in use before: 118.7 MB.
System memory in use after: 119.0 MB.

Unloading 15 unused Assets to reduce memory usage. Loaded Objects now: 3245.
Total: 4.006200 ms (FindLiveObjects: 0.312600 ms CreateObjectMapping: 0.240000 ms MarkObjects: 3.401300 ms  DeleteObjects: 0.051400 ms)

AssetImportParameters requested are different than current active one (requested -> active):
  custom:framework-win-MediaFoundation: 216162199b28c13a410421893ffa2e32 -> 
  custom:video-decoder-ogg-theora: a1e56fd34408186e4bbccfd4996cb3dc -> 
  custom:container-muxer-webm: aa71ff27fc2769a1b78a27578f13a17b -> 
  custom:container-demuxer-webm: 4f35f7cbe854078d1ac9338744f61a02 -> 
  custom:container-demuxer-ogg: 62fdf1f143b41e24485cea50d1cbac27 -> 
  custom:video-encoder-webm-vp8: eb34c28f22e8b96e1ab97ce403110664 -> 
  custom:video-decoder-webm-vp8: 9c59270c3fd7afecdb556c50c9e8de78 -> 
  custom:audio-decoder-ogg-vorbis: bf7c407c2cedff20999df2af8eb42d56 -> 
  custom:audio-encoder-webm-vorbis: bf7c407c2cedff20999df2af8eb42d56 -> 
========================================================================
Received Import Request.
  Time since last request: 135.747230 seconds.
  path: Assets/Scenes
  artifactKey: Guid(e67473a5da5a2d345970778f4bb8b6c0) Importer(815301076,1909f56bfc062723c751e8b465ee728b)
Start importing Assets/Scenes using Guid(e67473a5da5a2d345970778f4bb8b6c0) Importer(815301076,1909f56bfc062723c751e8b465ee728b)  -> (artifact id: 'c811b38a7e455a5ae0f680fb4b4d6c35') in 0.010586 seconds 
  Import took 0.017527 seconds .

========================================================================
Received Import Request.
  Time since last request: 1.434920 seconds.
  path: Assets/Scenes/SampleSceneLightingSettings.lighting
  artifactKey: Guid(477cc4148fad3449482a3bc3178594e2) Importer(815301076,1909f56bfc062723c751e8b465ee728b)
Start importing Assets/Scenes/SampleSceneLightingSettings.lighting using Guid(477cc4148fad3449482a3bc3178594e2) Importer(815301076,1909f56bfc062723c751e8b465ee728b)  -> (artifact id: '4a26a52e718306fba651ad1c5ff177c0') in 0.021608 seconds 
  Import took 0.026849 seconds .

========================================================================
Received Import Request.
  Time since last request: 1.877085 seconds.
  path: Assets/Unity - Foundations of Audio/Character.prefab
  artifactKey: Guid(6ca000ead671ebe449deb210e0a19be8) Importer(815301076,1909f56bfc062723c751e8b465ee728b)
Start importing Assets/Unity - Foundations of Audio/Character.prefab using Guid(6ca000ead671ebe449deb210e0a19be8) Importer(815301076,1909f56bfc062723c751e8b465ee728b)  -> (artifact id: '6aed2bd608bef8afd89bafb1e61c646a') in 0.207808 seconds 
  Import took 0.213967 seconds .

========================================================================
Received Import Request.
  Time since last request: 1.080919 seconds.
  path: Assets/Unity - Foundations of Audio/Scenes
  artifactKey: Guid(966a849175d6989448c8ca1ae590f4f9) Importer(815301076,1909f56bfc062723c751e8b465ee728b)
Start importing Assets/Unity - Foundations of Audio/Scenes using Guid(966a849175d6989448c8ca1ae590f4f9) Importer(815301076,1909f56bfc062723c751e8b465ee728b)  -> (artifact id: '66446ae45a5aa35af98c133b1d10103c') in 0.002467 seconds 
  Import took 0.008145 seconds .

========================================================================
Received Import Request.
  Time since last request: 9.546660 seconds.
  path: Assets/Unity - Foundations of Audio/Scenes/EssentialsAudioScene.unity
  artifactKey: Guid(6e24123ba0b2c1e448e7fd1a6e05a5e6) Importer(815301076,1909f56bfc062723c751e8b465ee728b)
Start importing Assets/Unity - Foundations of Audio/Scenes/EssentialsAudioScene.unity using Guid(6e24123ba0b2c1e448e7fd1a6e05a5e6) Importer(815301076,1909f56bfc062723c751e8b465ee728b)  -> (artifact id: '07945003c7a840367b075bd14ca0d67e') in 0.007994 seconds 
  Import took 0.013575 seconds .

========================================================================
Received Prepare
Registering precompiled user dll's ...
Registered in 0.004857 seconds.
Begin MonoManager ReloadAssembly
Native extension for WindowsStandalone target not found
Native extension for WebGL target not found
Refreshing native plugins compatible for Editor in 0.60 ms, found 2 plugins.
Preloading 0 native plugins for Editor in 0.00 ms.
Mono: successfully reloaded assembly
- Completed reload, in  1.226 seconds
Domain Reload Profiling:
	ReloadAssembly (1226ms)
		BeginReloadAssembly (215ms)
			ExecutionOrderSort (0ms)
			DisableScriptedObjects (7ms)
			BackupInstance (0ms)
			ReleaseScriptingObjects (0ms)
			CreateAndSetChildDomain (43ms)
		EndReloadAssembly (935ms)
			LoadAssemblies (178ms)
			RebuildTransferFunctionScriptingTraits (0ms)
			SetupTypeCache (342ms)
			ReleaseScriptCaches (1ms)
			RebuildScriptCaches (41ms)
			SetupLoadedEditorAssemblies (301ms)
				LogAssemblyErrors (0ms)
				InitializePlatformSupportModulesInManaged (5ms)
				SetLoadedEditorAssemblies (1ms)
				RefreshPlugins (1ms)
				BeforeProcessingInitializeOnLoad (73ms)
				ProcessInitializeOnLoadAttributes (198ms)
				ProcessInitializeOnLoadMethodAttributes (9ms)
				AfterProcessingInitializeOnLoad (14ms)
				EditorAssembliesLoaded (0ms)
			ExecutionOrderSort2 (0ms)
			AwakeInstancesAfterBackupRestoration (15ms)
Platform modules already initialized, skipping
Refreshing native plugins compatible for Editor in 0.63 ms, found 2 plugins.
Preloading 0 native plugins for Editor in 0.00 ms.
Unloading 2703 Unused Serialized files (Serialized files now loaded: 0)
System memory in use before: 124.0 MB.
System memory in use after: 124.2 MB.

Unloading 15 unused Assets to reduce memory usage. Loaded Objects now: 3293.
Total: 4.231300 ms (FindLiveObjects: 0.322000 ms CreateObjectMapping: 0.393300 ms MarkObjects: 3.467000 ms  DeleteObjects: 0.047900 ms)

AssetImportParameters requested are different than current active one (requested -> active):
  custom:framework-win-MediaFoundation: 216162199b28c13a410421893ffa2e32 -> 
  custom:video-decoder-ogg-theora: a1e56fd34408186e4bbccfd4996cb3dc -> 
  custom:container-muxer-webm: aa71ff27fc2769a1b78a27578f13a17b -> 
  custom:container-demuxer-webm: 4f35f7cbe854078d1ac9338744f61a02 -> 
  custom:container-demuxer-ogg: 62fdf1f143b41e24485cea50d1cbac27 -> 
  custom:video-encoder-webm-vp8: eb34c28f22e8b96e1ab97ce403110664 -> 
  custom:video-decoder-webm-vp8: 9c59270c3fd7afecdb556c50c9e8de78 -> 
  custom:audio-decoder-ogg-vorbis: bf7c407c2cedff20999df2af8eb42d56 -> 
  custom:audio-encoder-webm-vorbis: bf7c407c2cedff20999df2af8eb42d56 -> 
========================================================================
Received Import Request.
  Time since last request: 180.817781 seconds.
  path: Assets/Unity - Foundations of Audio/Audio
  artifactKey: Guid(0fc0879db3ba3ea46b0cd440b40399e7) Importer(815301076,1909f56bfc062723c751e8b465ee728b)
Start importing Assets/Unity - Foundations of Audio/Audio using Guid(0fc0879db3ba3ea46b0cd440b40399e7) Importer(815301076,1909f56bfc062723c751e8b465ee728b)  -> (artifact id: 'cd479ebc10f538c6e330214a68cbf4c0') in 0.014243 seconds 
  Import took 0.021557 seconds .

========================================================================
Received Import Request.
  Time since last request: 0.054881 seconds.
  path: Assets/Unity - Foundations of Audio/Audio/BubblingPot.ogg
  artifactKey: Guid(f3def460b96abf440bbc45fa66d44c55) Importer(815301076,1909f56bfc062723c751e8b465ee728b)
Start importing Assets/Unity - Foundations of Audio/Audio/BubblingPot.ogg using Guid(f3def460b96abf440bbc45fa66d44c55) Importer(815301076,1909f56bfc062723c751e8b465ee728b)  -> (artifact id: 'c3ee01f343166ba59cb514f9803a0de0') in 0.216481 seconds 
  Import took 0.222641 seconds .

========================================================================
Received Import Request.
  Time since last request: 0.000335 seconds.
  path: Assets/Unity - Foundations of Audio/Audio/Environment.prefab
  artifactKey: Guid(37dc3ec28fbab5646b7c91990e054cdb) Importer(815301076,1909f56bfc062723c751e8b465ee728b)
Start importing Assets/Unity - Foundations of Audio/Audio/Environment.prefab using Guid(37dc3ec28fbab5646b7c91990e054cdb) Importer(815301076,1909f56bfc062723c751e8b465ee728b)  -> (artifact id: '882ade6d703e5bee2e2cb52ff082673f') in 0.572078 seconds 
  Import took 0.579515 seconds .

========================================================================
Received Import Request.
  Time since last request: 0.000273 seconds.
  path: Assets/Unity - Foundations of Audio/Audio/Music.ogg
  artifactKey: Guid(f185ed7b46354fc4e8bb8c03f138b043) Importer(815301076,1909f56bfc062723c751e8b465ee728b)
Start importing Assets/Unity - Foundations of Audio/Audio/Music.ogg using Guid(f185ed7b46354fc4e8bb8c03f138b043) Importer(815301076,1909f56bfc062723c751e8b465ee728b)  -> (artifact id: 'bff331b5b8e2fb78fbaaacc296080773') in 0.017294 seconds 
  Import took 0.021913 seconds .

========================================================================
Received Prepare
Registering precompiled user dll's ...
Registered in 0.005206 seconds.
Begin MonoManager ReloadAssembly
Native extension for WindowsStandalone target not found
Native extension for WebGL target not found
Refreshing native plugins compatible for Editor in 0.65 ms, found 2 plugins.
Preloading 0 native plugins for Editor in 0.00 ms.
Mono: successfully reloaded assembly
- Completed reload, in  1.371 seconds
Domain Reload Profiling:
	ReloadAssembly (1371ms)
		BeginReloadAssembly (226ms)
			ExecutionOrderSort (0ms)
			DisableScriptedObjects (7ms)
			BackupInstance (0ms)
			ReleaseScriptingObjects (0ms)
			CreateAndSetChildDomain (47ms)
		EndReloadAssembly (1061ms)
			LoadAssemblies (194ms)
			RebuildTransferFunctionScriptingTraits (0ms)
			SetupTypeCache (402ms)
			ReleaseScriptCaches (1ms)
			RebuildScriptCaches (46ms)
			SetupLoadedEditorAssemblies (350ms)
				LogAssemblyErrors (0ms)
				InitializePlatformSupportModulesInManaged (5ms)
				SetLoadedEditorAssemblies (0ms)
				RefreshPlugins (1ms)
				BeforeProcessingInitializeOnLoad (73ms)
				ProcessInitializeOnLoadAttributes (243ms)
				ProcessInitializeOnLoadMethodAttributes (10ms)
				AfterProcessingInitializeOnLoad (16ms)
				EditorAssembliesLoaded (0ms)
			ExecutionOrderSort2 (0ms)
			AwakeInstancesAfterBackupRestoration (19ms)
Platform modules already initialized, skipping
Refreshing native plugins compatible for Editor in 0.66 ms, found 2 plugins.
Preloading 0 native plugins for Editor in 0.00 ms.
Unloading 2703 Unused Serialized files (Serialized files now loaded: 0)
System memory in use before: 124.4 MB.
System memory in use after: 124.6 MB.

Unloading 15 unused Assets to reduce memory usage. Loaded Objects now: 3335.
Total: 3.847300 ms (FindLiveObjects: 0.256500 ms CreateObjectMapping: 0.111800 ms MarkObjects: 3.451500 ms  DeleteObjects: 0.026400 ms)

AssetImportParameters requested are different than current active one (requested -> active):
  custom:framework-win-MediaFoundation: 216162199b28c13a410421893ffa2e32 -> 
  custom:video-decoder-ogg-theora: a1e56fd34408186e4bbccfd4996cb3dc -> 
  custom:container-muxer-webm: aa71ff27fc2769a1b78a27578f13a17b -> 
  custom:container-demuxer-webm: 4f35f7cbe854078d1ac9338744f61a02 -> 
  custom:container-demuxer-ogg: 62fdf1f143b41e24485cea50d1cbac27 -> 
  custom:video-encoder-webm-vp8: eb34c28f22e8b96e1ab97ce403110664 -> 
  custom:video-decoder-webm-vp8: 9c59270c3fd7afecdb556c50c9e8de78 -> 
  custom:audio-decoder-ogg-vorbis: bf7c407c2cedff20999df2af8eb42d56 -> 
  custom:audio-encoder-webm-vorbis: bf7c407c2cedff20999df2af8eb42d56 -> 
========================================================================
Received Prepare
Registering precompiled user dll's ...
Registered in 0.004976 seconds.
Begin MonoManager ReloadAssembly
Native extension for WindowsStandalone target not found
Native extension for WebGL target not found
Refreshing native plugins compatible for Editor in 0.90 ms, found 2 plugins.
Preloading 0 native plugins for Editor in 0.00 ms.
Mono: successfully reloaded assembly
- Completed reload, in  1.264 seconds
Domain Reload Profiling:
	ReloadAssembly (1265ms)
		BeginReloadAssembly (217ms)
			ExecutionOrderSort (0ms)
			DisableScriptedObjects (6ms)
			BackupInstance (0ms)
			ReleaseScriptingObjects (0ms)
			CreateAndSetChildDomain (41ms)
		EndReloadAssembly (966ms)
			LoadAssemblies (191ms)
			RebuildTransferFunctionScriptingTraits (0ms)
			SetupTypeCache (339ms)
			ReleaseScriptCaches (1ms)
			RebuildScriptCaches (43ms)
			SetupLoadedEditorAssemblies (325ms)
				LogAssemblyErrors (0ms)
				InitializePlatformSupportModulesInManaged (5ms)
				SetLoadedEditorAssemblies (2ms)
				RefreshPlugins (1ms)
				BeforeProcessingInitializeOnLoad (79ms)
				ProcessInitializeOnLoadAttributes (213ms)
				ProcessInitializeOnLoadMethodAttributes (10ms)
				AfterProcessingInitializeOnLoad (15ms)
				EditorAssembliesLoaded (0ms)
			ExecutionOrderSort2 (0ms)
			AwakeInstancesAfterBackupRestoration (17ms)
Platform modules already initialized, skipping
Refreshing native plugins compatible for Editor in 0.62 ms, found 2 plugins.
Preloading 0 native plugins for Editor in 0.00 ms.
Unloading 2703 Unused Serialized files (Serialized files now loaded: 0)
System memory in use before: 124.4 MB.
System memory in use after: 124.6 MB.

Unloading 15 unused Assets to reduce memory usage. Loaded Objects now: 3337.
Total: 4.145900 ms (FindLiveObjects: 0.349600 ms CreateObjectMapping: 0.326700 ms MarkObjects: 3.420800 ms  DeleteObjects: 0.031600 ms)

AssetImportParameters requested are different than current active one (requested -> active):
  custom:framework-win-MediaFoundation: 216162199b28c13a410421893ffa2e32 -> 
  custom:video-decoder-ogg-theora: a1e56fd34408186e4bbccfd4996cb3dc -> 
  custom:container-muxer-webm: aa71ff27fc2769a1b78a27578f13a17b -> 
  custom:container-demuxer-webm: 4f35f7cbe854078d1ac9338744f61a02 -> 
  custom:container-demuxer-ogg: 62fdf1f143b41e24485cea50d1cbac27 -> 
  custom:video-encoder-webm-vp8: eb34c28f22e8b96e1ab97ce403110664 -> 
  custom:video-decoder-webm-vp8: 9c59270c3fd7afecdb556c50c9e8de78 -> 
  custom:audio-decoder-ogg-vorbis: bf7c407c2cedff20999df2af8eb42d56 -> 
  custom:audio-encoder-webm-vorbis: bf7c407c2cedff20999df2af8eb42d56 -> 
========================================================================
Received Prepare
Registering precompiled user dll's ...
Registered in 0.006069 seconds.
Begin MonoManager ReloadAssembly
Native extension for WindowsStandalone target not found
Native extension for WebGL target not found
Refreshing native plugins compatible for Editor in 0.71 ms, found 2 plugins.
Preloading 0 native plugins for Editor in 0.00 ms.
Mono: successfully reloaded assembly
- Completed reload, in  1.283 seconds
Domain Reload Profiling:
	ReloadAssembly (1283ms)
		BeginReloadAssembly (212ms)
			ExecutionOrderSort (0ms)
			DisableScriptedObjects (6ms)
			BackupInstance (0ms)
			ReleaseScriptingObjects (0ms)
			CreateAndSetChildDomain (40ms)
		EndReloadAssembly (990ms)
			LoadAssemblies (188ms)
			RebuildTransferFunctionScriptingTraits (0ms)
			SetupTypeCache (372ms)
			ReleaseScriptCaches (2ms)
			RebuildScriptCaches (46ms)
			SetupLoadedEditorAssemblies (319ms)
				LogAssemblyErrors (0ms)
				InitializePlatformSupportModulesInManaged (5ms)
				SetLoadedEditorAssemblies (1ms)
				RefreshPlugins (1ms)
				BeforeProcessingInitializeOnLoad (74ms)
				ProcessInitializeOnLoadAttributes (214ms)
				ProcessInitializeOnLoadMethodAttributes (9ms)
				AfterProcessingInitializeOnLoad (14ms)
				EditorAssembliesLoaded (0ms)
			ExecutionOrderSort2 (0ms)
			AwakeInstancesAfterBackupRestoration (17ms)
Platform modules already initialized, skipping
Refreshing native plugins compatible for Editor in 0.65 ms, found 2 plugins.
Preloading 0 native plugins for Editor in 0.00 ms.
Unloading 2703 Unused Serialized files (Serialized files now loaded: 0)
System memory in use before: 124.4 MB.
System memory in use after: 124.7 MB.

Unloading 15 unused Assets to reduce memory usage. Loaded Objects now: 3339.
Total: 4.381400 ms (FindLiveObjects: 0.328000 ms CreateObjectMapping: 0.314000 ms MarkObjects: 3.697300 ms  DeleteObjects: 0.041000 ms)

AssetImportParameters requested are different than current active one (requested -> active):
  custom:framework-win-MediaFoundation: 216162199b28c13a410421893ffa2e32 -> 
  custom:video-decoder-ogg-theora: a1e56fd34408186e4bbccfd4996cb3dc -> 
  custom:container-muxer-webm: aa71ff27fc2769a1b78a27578f13a17b -> 
  custom:container-demuxer-webm: 4f35f7cbe854078d1ac9338744f61a02 -> 
  custom:container-demuxer-ogg: 62fdf1f143b41e24485cea50d1cbac27 -> 
  custom:video-encoder-webm-vp8: eb34c28f22e8b96e1ab97ce403110664 -> 
  custom:video-decoder-webm-vp8: 9c59270c3fd7afecdb556c50c9e8de78 -> 
  custom:audio-decoder-ogg-vorbis: bf7c407c2cedff20999df2af8eb42d56 -> 
  custom:audio-encoder-webm-vorbis: bf7c407c2cedff20999df2af8eb42d56 -> 
========================================================================
Received Prepare
Registering precompiled user dll's ...
Registered in 0.005377 seconds.
Begin MonoManager ReloadAssembly
Native extension for WindowsStandalone target not found
Native extension for WebGL target not found
Refreshing native plugins compatible for Editor in 0.69 ms, found 2 plugins.
Preloading 0 native plugins for Editor in 0.00 ms.
Mono: successfully reloaded assembly
- Completed reload, in  1.307 seconds
Domain Reload Profiling:
	ReloadAssembly (1308ms)
		BeginReloadAssembly (212ms)
			ExecutionOrderSort (0ms)
			DisableScriptedObjects (5ms)
			BackupInstance (0ms)
			ReleaseScriptingObjects (0ms)
			CreateAndSetChildDomain (38ms)
		EndReloadAssembly (1012ms)
			LoadAssemblies (194ms)
			RebuildTransferFunctionScriptingTraits (0ms)
			SetupTypeCache (355ms)
			ReleaseScriptCaches (1ms)
			RebuildScriptCaches (46ms)
			SetupLoadedEditorAssemblies (332ms)
				LogAssemblyErrors (0ms)
				InitializePlatformSupportModulesInManaged (6ms)
				SetLoadedEditorAssemblies (1ms)
				RefreshPlugins (1ms)
				BeforeProcessingInitializeOnLoad (83ms)
				ProcessInitializeOnLoadAttributes (216ms)
				ProcessInitializeOnLoadMethodAttributes (10ms)
				AfterProcessingInitializeOnLoad (15ms)
				EditorAssembliesLoaded (0ms)
			ExecutionOrderSort2 (0ms)
			AwakeInstancesAfterBackupRestoration (19ms)
Platform modules already initialized, skipping
Refreshing native plugins compatible for Editor in 0.66 ms, found 2 plugins.
Preloading 0 native plugins for Editor in 0.00 ms.
Unloading 2703 Unused Serialized files (Serialized files now loaded: 0)
System memory in use before: 124.4 MB.
System memory in use after: 124.7 MB.

Unloading 15 unused Assets to reduce memory usage. Loaded Objects now: 3341.
Total: 5.472800 ms (FindLiveObjects: 0.373000 ms CreateObjectMapping: 0.250800 ms MarkObjects: 4.819900 ms  DeleteObjects: 0.027400 ms)

AssetImportParameters requested are different than current active one (requested -> active):
  custom:framework-win-MediaFoundation: 216162199b28c13a410421893ffa2e32 -> 
  custom:video-decoder-ogg-theora: a1e56fd34408186e4bbccfd4996cb3dc -> 
  custom:container-muxer-webm: aa71ff27fc2769a1b78a27578f13a17b -> 
  custom:container-demuxer-webm: 4f35f7cbe854078d1ac9338744f61a02 -> 
  custom:container-demuxer-ogg: 62fdf1f143b41e24485cea50d1cbac27 -> 
  custom:video-encoder-webm-vp8: eb34c28f22e8b96e1ab97ce403110664 -> 
  custom:video-decoder-webm-vp8: 9c59270c3fd7afecdb556c50c9e8de78 -> 
  custom:audio-decoder-ogg-vorbis: bf7c407c2cedff20999df2af8eb42d56 -> 
  custom:audio-encoder-webm-vorbis: bf7c407c2cedff20999df2af8eb42d56 -> 
========================================================================
Received Import Request.
  Time since last request: 1519.620586 seconds.
  path: Assets/Lo-Fi Chillout Music For Games/Lo-Fi Music/12A Day Of Something.wav
  artifactKey: Guid(af6820b68bf376a43998c5f50d5cde34) Importer(815301076,1909f56bfc062723c751e8b465ee728b)
Start importing Assets/Lo-Fi Chillout Music For Games/Lo-Fi Music/12A Day Of Something.wav using Guid(af6820b68bf376a43998c5f50d5cde34) Importer(815301076,1909f56bfc062723c751e8b465ee728b)  -> (artifact id: '944c20841187506c1c9f1daf327eeb7d') in 0.093651 seconds 
  Import took 0.101204 seconds .

========================================================================
Received Import Request.
  Time since last request: 0.000261 seconds.
  path: Assets/Lo-Fi Chillout Music For Games/Lo-Fi Music/13Respect Of Forever.wav
  artifactKey: Guid(da2364bcebf1bf049af59cdc0d67b902) Importer(815301076,1909f56bfc062723c751e8b465ee728b)
Start importing Assets/Lo-Fi Chillout Music For Games/Lo-Fi Music/13Respect Of Forever.wav using Guid(da2364bcebf1bf049af59cdc0d67b902) Importer(815301076,1909f56bfc062723c751e8b465ee728b)  -> (artifact id: 'f548039cf33e05f1ab97e346e82a139f') in 0.012225 seconds 
  Import took 0.018058 seconds .

========================================================================
Received Import Request.
  Time since last request: 0.000257 seconds.
  path: Assets/Lo-Fi Chillout Music For Games/Lo-Fi Music/14Door Of The Last Time.wav
  artifactKey: Guid(fdf5c196ba068364693183956d9dfa30) Importer(815301076,1909f56bfc062723c751e8b465ee728b)
Start importing Assets/Lo-Fi Chillout Music For Games/Lo-Fi Music/14Door Of The Last Time.wav using Guid(fdf5c196ba068364693183956d9dfa30) Importer(815301076,1909f56bfc062723c751e8b465ee728b)  -> (artifact id: '19ebc7e8c2fcc23fc1dff45bd1322a3f') in 0.016656 seconds 
  Import took 0.022283 seconds .

========================================================================
Received Import Request.
  Time since last request: 0.000250 seconds.
  path: Assets/Lo-Fi Chillout Music For Games/Lo-Fi Music/15History of my heart.wav
  artifactKey: Guid(0a80a95d2b94c7b468163aaa3f08552d) Importer(815301076,1909f56bfc062723c751e8b465ee728b)
Start importing Assets/Lo-Fi Chillout Music For Games/Lo-Fi Music/15History of my heart.wav using Guid(0a80a95d2b94c7b468163aaa3f08552d) Importer(815301076,1909f56bfc062723c751e8b465ee728b)  -> (artifact id: 'a4c99dd3af1d79e751b1ef571634d977') in 0.014192 seconds 
  Import took 0.019677 seconds .

========================================================================
Received Import Request.
  Time since last request: 2.441296 seconds.
  path: Assets/Lo-Fi Chillout Music For Games/Lo-Fi Music/10Loved My Mistake.wav
  artifactKey: Guid(8a5955ac681ca8a47847723bc64370fa) Importer(815301076,1909f56bfc062723c751e8b465ee728b)
Start importing Assets/Lo-Fi Chillout Music For Games/Lo-Fi Music/10Loved My Mistake.wav using Guid(8a5955ac681ca8a47847723bc64370fa) Importer(815301076,1909f56bfc062723c751e8b465ee728b)  -> (artifact id: '2bb2751265170487f535c1a44f99bd93') in 0.013923 seconds 
  Import took 0.019734 seconds .

========================================================================
Received Import Request.
  Time since last request: 0.000269 seconds.
  path: Assets/Lo-Fi Chillout Music For Games/Lo-Fi Music/9Homesick And Tomorrow.wav
  artifactKey: Guid(7d7f5edfb13648c4e963ece3ee92ed2f) Importer(815301076,1909f56bfc062723c751e8b465ee728b)
Start importing Assets/Lo-Fi Chillout Music For Games/Lo-Fi Music/9Homesick And Tomorrow.wav using Guid(7d7f5edfb13648c4e963ece3ee92ed2f) Importer(815301076,1909f56bfc062723c751e8b465ee728b)  -> (artifact id: '0084fb664886fe3ccee04cf99d6c9677') in 0.014068 seconds 
  Import took 0.019257 seconds .

========================================================================
Received Import Request.
  Time since last request: 0.000274 seconds.
  path: Assets/Lo-Fi Chillout Music For Games/Lo-Fi Music/11Forget Her Fire.wav
  artifactKey: Guid(980172bf460ebef409c447ed6145d1dc) Importer(815301076,1909f56bfc062723c751e8b465ee728b)
Start importing Assets/Lo-Fi Chillout Music For Games/Lo-Fi Music/11Forget Her Fire.wav using Guid(980172bf460ebef409c447ed6145d1dc) Importer(815301076,1909f56bfc062723c751e8b465ee728b)  -> (artifact id: 'b80ed5b1e83d4c09052afc65ebe2fd5b') in 0.014473 seconds 
  Import took 0.020079 seconds .

========================================================================
Received Import Request.
  Time since last request: 0.000235 seconds.
  path: Assets/Lo-Fi Chillout Music For Games/Lo-Fi Music/8I Heard I'm Bad For You.wav
  artifactKey: Guid(e146c3ea57526004b8128bff463c4a97) Importer(815301076,1909f56bfc062723c751e8b465ee728b)
Start importing Assets/Lo-Fi Chillout Music For Games/Lo-Fi Music/8I Heard I'm Bad For You.wav using Guid(e146c3ea57526004b8128bff463c4a97) Importer(815301076,1909f56bfc062723c751e8b465ee728b)  -> (artifact id: '9f6688935b07edaea9efd6fc5e186753') in 0.014464 seconds 
  Import took 0.020244 seconds .

========================================================================
Received Import Request.
  Time since last request: 0.024282 seconds.
  path: Assets/Lo-Fi Chillout Music For Games/Lo-Fi Music/6Let Go, So Do I.wav
  artifactKey: Guid(f23941e21320b5b42af7d834b6c3b1db) Importer(815301076,1909f56bfc062723c751e8b465ee728b)
Start importing Assets/Lo-Fi Chillout Music For Games/Lo-Fi Music/6Let Go, So Do I.wav using Guid(f23941e21320b5b42af7d834b6c3b1db) Importer(815301076,1909f56bfc062723c751e8b465ee728b)  -> (artifact id: 'c12139352a3282b2ca2b12a3f729beeb') in 0.013025 seconds 
  Import took 0.018217 seconds .

========================================================================
Received Import Request.
  Time since last request: 0.000227 seconds.
  path: Assets/Lo-Fi Chillout Music For Games/Lo-Fi Music/7I No Longer Need You.wav
  artifactKey: Guid(fcb7bd0f27907b848a417c8d5b0fd06f) Importer(815301076,1909f56bfc062723c751e8b465ee728b)
Start importing Assets/Lo-Fi Chillout Music For Games/Lo-Fi Music/7I No Longer Need You.wav using Guid(fcb7bd0f27907b848a417c8d5b0fd06f) Importer(815301076,1909f56bfc062723c751e8b465ee728b)  -> (artifact id: '40cae1b55b431bd1137316ad20123716') in 0.014677 seconds 
  Import took 0.019868 seconds .

========================================================================
Received Import Request.
  Time since last request: 0.628890 seconds.
  path: Assets/Lo-Fi Chillout Music For Games/Lo-Fi Music/4Broken And Smile.wav
  artifactKey: Guid(cf772cf3949fa39468efd672450ce9ca) Importer(815301076,1909f56bfc062723c751e8b465ee728b)
Start importing Assets/Lo-Fi Chillout Music For Games/Lo-Fi Music/4Broken And Smile.wav using Guid(cf772cf3949fa39468efd672450ce9ca) Importer(815301076,1909f56bfc062723c751e8b465ee728b)  -> (artifact id: '68dd4dd6a8fadcbf5eeeac1258a0e51d') in 0.012629 seconds 
  Import took 0.018307 seconds .

========================================================================
Received Import Request.
  Time since last request: 0.000264 seconds.
  path: Assets/Lo-Fi Chillout Music For Games/Lo-Fi Music/5Homesick And Lies.wav
  artifactKey: Guid(612a37c3b8925e045b4612fd857463bd) Importer(815301076,1909f56bfc062723c751e8b465ee728b)
Start importing Assets/Lo-Fi Chillout Music For Games/Lo-Fi Music/5Homesick And Lies.wav using Guid(612a37c3b8925e045b4612fd857463bd) Importer(815301076,1909f56bfc062723c751e8b465ee728b)  -> (artifact id: '060e261af2c7b8ce67d99f29be8770fc') in 0.015858 seconds 
  Import took 0.021555 seconds .

========================================================================
Received Import Request.
  Time since last request: 0.028116 seconds.
  path: Assets/Lo-Fi Chillout Music For Games/Lo-Fi Music/2Stormy And Choice.wav
  artifactKey: Guid(5e0e2d64ff0af2a4c8fba8b3f5d17007) Importer(815301076,1909f56bfc062723c751e8b465ee728b)
Start importing Assets/Lo-Fi Chillout Music For Games/Lo-Fi Music/2Stormy And Choice.wav using Guid(5e0e2d64ff0af2a4c8fba8b3f5d17007) Importer(815301076,1909f56bfc062723c751e8b465ee728b)  -> (artifact id: '212c1771dc232400d2c8a82040cf8ca1') in 0.013512 seconds 
  Import took 0.018892 seconds .

========================================================================
Received Import Request.
  Time since last request: 0.000240 seconds.
  path: Assets/Lo-Fi Chillout Music For Games/Lo-Fi Music/3Home Of My Heart.wav
  artifactKey: Guid(b95f425f538326b43b6c85e0960d8488) Importer(815301076,1909f56bfc062723c751e8b465ee728b)
Start importing Assets/Lo-Fi Chillout Music For Games/Lo-Fi Music/3Home Of My Heart.wav using Guid(b95f425f538326b43b6c85e0960d8488) Importer(815301076,1909f56bfc062723c751e8b465ee728b)  -> (artifact id: 'ae8187cb84236ee8dd57025dc4b1d107') in 0.016089 seconds 
  Import took 0.021444 seconds .

========================================================================
Received Import Request.
  Time since last request: 0.020365 seconds.
  path: Assets/Lo-Fi Chillout Music For Games/Lo-Fi Music/1Dreams Of Her Best Friend.wav
  artifactKey: Guid(a73b50ea7984f3d45957d4c12cbe9497) Importer(815301076,1909f56bfc062723c751e8b465ee728b)
Start importing Assets/Lo-Fi Chillout Music For Games/Lo-Fi Music/1Dreams Of Her Best Friend.wav using Guid(a73b50ea7984f3d45957d4c12cbe9497) Importer(815301076,1909f56bfc062723c751e8b465ee728b)  -> (artifact id: '4c60994e7a0894203ed4f605fe1544cc') in 0.012436 seconds 
  Import took 0.017973 seconds .

========================================================================
Received Prepare
Registering precompiled user dll's ...
Registered in 0.004689 seconds.
Begin MonoManager ReloadAssembly
Native extension for WindowsStandalone target not found
Native extension for WebGL target not found
Refreshing native plugins compatible for Editor in 0.67 ms, found 2 plugins.
Preloading 0 native plugins for Editor in 0.00 ms.
Mono: successfully reloaded assembly
- Completed reload, in  1.312 seconds
Domain Reload Profiling:
	ReloadAssembly (1313ms)
		BeginReloadAssembly (211ms)
			ExecutionOrderSort (0ms)
			DisableScriptedObjects (5ms)
			BackupInstance (0ms)
			ReleaseScriptingObjects (0ms)
			CreateAndSetChildDomain (45ms)
		EndReloadAssembly (1016ms)
			LoadAssemblies (189ms)
			RebuildTransferFunctionScriptingTraits (0ms)
			SetupTypeCache (345ms)
			ReleaseScriptCaches (2ms)
			RebuildScriptCaches (46ms)
			SetupLoadedEditorAssemblies (348ms)
				LogAssemblyErrors (0ms)
				InitializePlatformSupportModulesInManaged (6ms)
				SetLoadedEditorAssemblies (1ms)
				RefreshPlugins (1ms)
				BeforeProcessingInitializeOnLoad (80ms)
				ProcessInitializeOnLoadAttributes (231ms)
				ProcessInitializeOnLoadMethodAttributes (11ms)
				AfterProcessingInitializeOnLoad (17ms)
				EditorAssembliesLoaded (0ms)
			ExecutionOrderSort2 (0ms)
			AwakeInstancesAfterBackupRestoration (18ms)
Platform modules already initialized, skipping
Refreshing native plugins compatible for Editor in 0.86 ms, found 2 plugins.
Preloading 0 native plugins for Editor in 0.00 ms.
Unloading 2703 Unused Serialized files (Serialized files now loaded: 0)
System memory in use before: 124.5 MB.
System memory in use after: 124.7 MB.

Unloading 15 unused Assets to reduce memory usage. Loaded Objects now: 3344.
Total: 4.103100 ms (FindLiveObjects: 0.321200 ms CreateObjectMapping: 0.263700 ms MarkObjects: 3.489800 ms  DeleteObjects: 0.027500 ms)

AssetImportParameters requested are different than current active one (requested -> active):
  custom:framework-win-MediaFoundation: 216162199b28c13a410421893ffa2e32 -> 
  custom:video-decoder-ogg-theora: a1e56fd34408186e4bbccfd4996cb3dc -> 
  custom:container-muxer-webm: aa71ff27fc2769a1b78a27578f13a17b -> 
  custom:container-demuxer-webm: 4f35f7cbe854078d1ac9338744f61a02 -> 
  custom:container-demuxer-ogg: 62fdf1f143b41e24485cea50d1cbac27 -> 
  custom:video-encoder-webm-vp8: eb34c28f22e8b96e1ab97ce403110664 -> 
  custom:video-decoder-webm-vp8: 9c59270c3fd7afecdb556c50c9e8de78 -> 
  custom:audio-decoder-ogg-vorbis: bf7c407c2cedff20999df2af8eb42d56 -> 
  custom:audio-encoder-webm-vorbis: bf7c407c2cedff20999df2af8eb42d56 -> 
========================================================================
Received Import Request.
  Time since last request: 99.833390 seconds.
  path: Assets/Engines
  artifactKey: Guid(33390f2ad8a9ad347958c582aa2fa32d) Importer(815301076,1909f56bfc062723c751e8b465ee728b)
Start importing Assets/Engines using Guid(33390f2ad8a9ad347958c582aa2fa32d) Importer(815301076,1909f56bfc062723c751e8b465ee728b)  -> (artifact id: 'a9cea58b615cd9a2c9eaaed1f7cc58a3') in 0.011886 seconds 
  Import took 0.017890 seconds .

========================================================================
Received Import Request.
  Time since last request: 1.331194 seconds.
  path: Assets/Engines/Engines SFX
  artifactKey: Guid(9a25773bb884fa74aae40d6abcf307db) Importer(815301076,1909f56bfc062723c751e8b465ee728b)
Start importing Assets/Engines/Engines SFX using Guid(9a25773bb884fa74aae40d6abcf307db) Importer(815301076,1909f56bfc062723c751e8b465ee728b)  -> (artifact id: 'fa62725d7aa97e86f518501e948bd789') in 0.006918 seconds 
  Import took 0.013579 seconds .

========================================================================
Received Import Request.
  Time since last request: 0.047237 seconds.
  path: Assets/Engines/Engines SFX/Engine_01.wav
  artifactKey: Guid(f42ee6c61e2b5a049b588a485b2f267f) Importer(815301076,1909f56bfc062723c751e8b465ee728b)
Start importing Assets/Engines/Engines SFX/Engine_01.wav using Guid(f42ee6c61e2b5a049b588a485b2f267f) Importer(815301076,1909f56bfc062723c751e8b465ee728b)  -> (artifact id: 'c2542c4904b280a85ee3a1a2003f7695') in 0.048433 seconds 
  Import took 0.054211 seconds .

========================================================================
Received Import Request.
  Time since last request: 0.000291 seconds.
  path: Assets/Engines/Engines SFX/Engine_03.wav
  artifactKey: Guid(316224186e8ae6543990a05f4dc13981) Importer(815301076,1909f56bfc062723c751e8b465ee728b)
Start importing Assets/Engines/Engines SFX/Engine_03.wav using Guid(316224186e8ae6543990a05f4dc13981) Importer(815301076,1909f56bfc062723c751e8b465ee728b)  -> (artifact id: 'c6397d3b74dc43d273f401d4f0d4e138') in 0.013446 seconds 
  Import took 0.018133 seconds .

========================================================================
Received Import Request.
  Time since last request: 0.000286 seconds.
  path: Assets/Engines/Engines SFX/Engine_07.wav
  artifactKey: Guid(b049660b860c8334a852b54855bce599) Importer(815301076,1909f56bfc062723c751e8b465ee728b)
Start importing Assets/Engines/Engines SFX/Engine_07.wav using Guid(b049660b860c8334a852b54855bce599) Importer(815301076,1909f56bfc062723c751e8b465ee728b)  -> (artifact id: 'a804911350646a8a153ad184301d352d') in 0.014404 seconds 
  Import took 0.019568 seconds .

========================================================================
Received Import Request.
  Time since last request: 0.000243 seconds.
  path: Assets/Engines/Engines SFX/Engine_04.wav
  artifactKey: Guid(5c224246aabdf2147b24b920563d9f85) Importer(815301076,1909f56bfc062723c751e8b465ee728b)
Start importing Assets/Engines/Engines SFX/Engine_04.wav using Guid(5c224246aabdf2147b24b920563d9f85) Importer(815301076,1909f56bfc062723c751e8b465ee728b)  -> (artifact id: '9b94d3197e49e7d982e7c323e20f4fbf') in 0.014397 seconds 
  Import took 0.019414 seconds .

========================================================================
Received Import Request.
  Time since last request: 0.000266 seconds.
  path: Assets/Engines/Engines SFX/Engine_06.wav
  artifactKey: Guid(c0191f5eddde47443a5bfd777e6d37b6) Importer(815301076,1909f56bfc062723c751e8b465ee728b)
Start importing Assets/Engines/Engines SFX/Engine_06.wav using Guid(c0191f5eddde47443a5bfd777e6d37b6) Importer(815301076,1909f56bfc062723c751e8b465ee728b)  -> (artifact id: '973c120ed8931002328548951bf0184e') in 0.015031 seconds 
  Import took 0.020585 seconds .

========================================================================
Received Import Request.
  Time since last request: 0.000244 seconds.
  path: Assets/Engines/Engines SFX/Engine_02.wav
  artifactKey: Guid(1a39652b55ef6dc4c894ece2783c58c7) Importer(815301076,1909f56bfc062723c751e8b465ee728b)
Start importing Assets/Engines/Engines SFX/Engine_02.wav using Guid(1a39652b55ef6dc4c894ece2783c58c7) Importer(815301076,1909f56bfc062723c751e8b465ee728b)  -> (artifact id: 'd7a75a41d3f556da8860376b976b7525') in 0.014592 seconds 
  Import took 0.019589 seconds .

========================================================================
Received Import Request.
  Time since last request: 0.000278 seconds.
  path: Assets/Engines/Engines SFX/Engine_05.wav
  artifactKey: Guid(ff89099d49f4dfb46981d1be1b34544d) Importer(815301076,1909f56bfc062723c751e8b465ee728b)
Start importing Assets/Engines/Engines SFX/Engine_05.wav using Guid(ff89099d49f4dfb46981d1be1b34544d) Importer(815301076,1909f56bfc062723c751e8b465ee728b)  -> (artifact id: '75637e82158973a2ea6d5c857bd4e0cd') in 0.014087 seconds 
  Import took 0.019572 seconds .

========================================================================
Received Import Request.
  Time since last request: 0.000224 seconds.
  path: Assets/Engines/Engines SFX/Engine_08.wav
  artifactKey: Guid(2b9be05b0a886f147b9ac9a64d6a22fe) Importer(815301076,1909f56bfc062723c751e8b465ee728b)
Start importing Assets/Engines/Engines SFX/Engine_08.wav using Guid(2b9be05b0a886f147b9ac9a64d6a22fe) Importer(815301076,1909f56bfc062723c751e8b465ee728b)  -> (artifact id: 'd187a98065592bdacc214efaea363c9c') in 0.013576 seconds 
  Import took 0.018942 seconds .

========================================================================
Received Prepare
Registering precompiled user dll's ...
Registered in 0.004690 seconds.
Begin MonoManager ReloadAssembly
Native extension for WindowsStandalone target not found
Native extension for WebGL target not found
Refreshing native plugins compatible for Editor in 0.71 ms, found 2 plugins.
Preloading 0 native plugins for Editor in 0.00 ms.
Mono: successfully reloaded assembly
- Completed reload, in  1.278 seconds
Domain Reload Profiling:
	ReloadAssembly (1278ms)
		BeginReloadAssembly (215ms)
			ExecutionOrderSort (0ms)
			DisableScriptedObjects (5ms)
			BackupInstance (0ms)
			ReleaseScriptingObjects (0ms)
			CreateAndSetChildDomain (40ms)
		EndReloadAssembly (969ms)
			LoadAssemblies (194ms)
			RebuildTransferFunctionScriptingTraits (0ms)
			SetupTypeCache (352ms)
			ReleaseScriptCaches (1ms)
			RebuildScriptCaches (44ms)
			SetupLoadedEditorAssemblies (313ms)
				LogAssemblyErrors (0ms)
				InitializePlatformSupportModulesInManaged (5ms)
				SetLoadedEditorAssemblies (0ms)
				RefreshPlugins (1ms)
				BeforeProcessingInitializeOnLoad (73ms)
				ProcessInitializeOnLoadAttributes (207ms)
				ProcessInitializeOnLoadMethodAttributes (10ms)
				AfterProcessingInitializeOnLoad (15ms)
				EditorAssembliesLoaded (0ms)
			ExecutionOrderSort2 (0ms)
			AwakeInstancesAfterBackupRestoration (16ms)
Platform modules already initialized, skipping
Refreshing native plugins compatible for Editor in 0.63 ms, found 2 plugins.
Preloading 0 native plugins for Editor in 0.00 ms.
Unloading 2704 Unused Serialized files (Serialized files now loaded: 0)
System memory in use before: 124.5 MB.
System memory in use after: 124.7 MB.

Unloading 15 unused Assets to reduce memory usage. Loaded Objects now: 3348.
Total: 3.734300 ms (FindLiveObjects: 0.310800 ms CreateObjectMapping: 0.113400 ms MarkObjects: 3.264800 ms  DeleteObjects: 0.044400 ms)

AssetImportParameters requested are different than current active one (requested -> active):
  custom:framework-win-MediaFoundation: 216162199b28c13a410421893ffa2e32 -> 
  custom:video-decoder-ogg-theora: a1e56fd34408186e4bbccfd4996cb3dc -> 
  custom:container-muxer-webm: aa71ff27fc2769a1b78a27578f13a17b -> 
  custom:container-demuxer-webm: 4f35f7cbe854078d1ac9338744f61a02 -> 
  custom:container-demuxer-ogg: 62fdf1f143b41e24485cea50d1cbac27 -> 
  custom:video-encoder-webm-vp8: eb34c28f22e8b96e1ab97ce403110664 -> 
  custom:video-decoder-webm-vp8: 9c59270c3fd7afecdb556c50c9e8de78 -> 
  custom:audio-decoder-ogg-vorbis: bf7c407c2cedff20999df2af8eb42d56 -> 
  custom:audio-encoder-webm-vorbis: bf7c407c2cedff20999df2af8eb42d56 -> 
========================================================================
Received Prepare
Registering precompiled user dll's ...
Registered in 0.004887 seconds.
Begin MonoManager ReloadAssembly
Native extension for WindowsStandalone target not found
Native extension for WebGL target not found
Refreshing native plugins compatible for Editor in 0.61 ms, found 2 plugins.
Preloading 0 native plugins for Editor in 0.00 ms.
Mono: successfully reloaded assembly
- Completed reload, in  1.276 seconds
Domain Reload Profiling:
	ReloadAssembly (1277ms)
		BeginReloadAssembly (215ms)
			ExecutionOrderSort (0ms)
			DisableScriptedObjects (7ms)
			BackupInstance (0ms)
			ReleaseScriptingObjects (0ms)
			CreateAndSetChildDomain (48ms)
		EndReloadAssembly (984ms)
			LoadAssemblies (184ms)
			RebuildTransferFunctionScriptingTraits (0ms)
			SetupTypeCache (360ms)
			ReleaseScriptCaches (1ms)
			RebuildScriptCaches (45ms)
			SetupLoadedEditorAssemblies (320ms)
				LogAssemblyErrors (0ms)
				InitializePlatformSupportModulesInManaged (5ms)
				SetLoadedEditorAssemblies (0ms)
				RefreshPlugins (1ms)
				BeforeProcessingInitializeOnLoad (76ms)
				ProcessInitializeOnLoadAttributes (211ms)
				ProcessInitializeOnLoadMethodAttributes (10ms)
				AfterProcessingInitializeOnLoad (16ms)
				EditorAssembliesLoaded (0ms)
			ExecutionOrderSort2 (0ms)
			AwakeInstancesAfterBackupRestoration (19ms)
Platform modules already initialized, skipping
Refreshing native plugins compatible for Editor in 0.63 ms, found 2 plugins.
Preloading 0 native plugins for Editor in 0.00 ms.
Unloading 2704 Unused Serialized files (Serialized files now loaded: 0)
System memory in use before: 124.5 MB.
System memory in use after: 124.7 MB.

Unloading 15 unused Assets to reduce memory usage. Loaded Objects now: 3350.
Total: 3.862500 ms (FindLiveObjects: 0.349100 ms CreateObjectMapping: 0.241200 ms MarkObjects: 3.223000 ms  DeleteObjects: 0.030400 ms)

AssetImportParameters requested are different than current active one (requested -> active):
  custom:framework-win-MediaFoundation: 216162199b28c13a410421893ffa2e32 -> 
  custom:video-decoder-ogg-theora: a1e56fd34408186e4bbccfd4996cb3dc -> 
  custom:container-muxer-webm: aa71ff27fc2769a1b78a27578f13a17b -> 
  custom:container-demuxer-webm: 4f35f7cbe854078d1ac9338744f61a02 -> 
  custom:container-demuxer-ogg: 62fdf1f143b41e24485cea50d1cbac27 -> 
  custom:video-encoder-webm-vp8: eb34c28f22e8b96e1ab97ce403110664 -> 
  custom:video-decoder-webm-vp8: 9c59270c3fd7afecdb556c50c9e8de78 -> 
  custom:audio-decoder-ogg-vorbis: bf7c407c2cedff20999df2af8eb42d56 -> 
  custom:audio-encoder-webm-vorbis: bf7c407c2cedff20999df2af8eb42d56 -> 
========================================================================
Received Import Request.
  Time since last request: 279.206878 seconds.
  path: Assets/Engines/Misc SFX/Carn Horn 1.wav
  artifactKey: Guid(ec32ee6300414d44e8296123359dc4be) Importer(815301076,1909f56bfc062723c751e8b465ee728b)
Start importing Assets/Engines/Misc SFX/Carn Horn 1.wav using Guid(ec32ee6300414d44e8296123359dc4be) Importer(815301076,1909f56bfc062723c751e8b465ee728b)  -> (artifact id: '22d8f5e2b492d74ab460b5fe44ddee61') in 0.064935 seconds 
  Import took 0.072009 seconds .

========================================================================
Received Import Request.
  Time since last request: 0.000337 seconds.
  path: Assets/Engines/Misc SFX/Wrench.wav
  artifactKey: Guid(29549571fcd6d7a46be1eff7ac4717e9) Importer(815301076,1909f56bfc062723c751e8b465ee728b)
Start importing Assets/Engines/Misc SFX/Wrench.wav using Guid(29549571fcd6d7a46be1eff7ac4717e9) Importer(815301076,1909f56bfc062723c751e8b465ee728b)  -> (artifact id: 'b851d70dc5795333f248073c395c68e5') in 0.012908 seconds 
  Import took 0.018471 seconds .

========================================================================
Received Import Request.
  Time since last request: 0.000343 seconds.
  path: Assets/Engines/Misc SFX/Smashed_Window_02.wav
  artifactKey: Guid(61ad195ee0adbcf43a81943f1745cb23) Importer(815301076,1909f56bfc062723c751e8b465ee728b)
Start importing Assets/Engines/Misc SFX/Smashed_Window_02.wav using Guid(61ad195ee0adbcf43a81943f1745cb23) Importer(815301076,1909f56bfc062723c751e8b465ee728b)  -> (artifact id: '0b83c798413239cd4e715ea85f1222da') in 0.014726 seconds 
  Import took 0.021105 seconds .

========================================================================
Received Import Request.
  Time since last request: 0.000268 seconds.
  path: Assets/Engines/Misc SFX/Pounding.wav
  artifactKey: Guid(0efc5db2ae078c547a98799ad6484ba8) Importer(815301076,1909f56bfc062723c751e8b465ee728b)
Start importing Assets/Engines/Misc SFX/Pounding.wav using Guid(0efc5db2ae078c547a98799ad6484ba8) Importer(815301076,1909f56bfc062723c751e8b465ee728b)  -> (artifact id: 'f9acf734a0a9ef2a9ab70363669720a9') in 0.014800 seconds 
  Import took 0.022119 seconds .

========================================================================
Received Import Request.
  Time since last request: 0.000296 seconds.
  path: Assets/Engines/Misc SFX/Smashed_Window_01.wav
  artifactKey: Guid(a1f7abf0dd920704dab30efe19ec8631) Importer(815301076,1909f56bfc062723c751e8b465ee728b)
Start importing Assets/Engines/Misc SFX/Smashed_Window_01.wav using Guid(a1f7abf0dd920704dab30efe19ec8631) Importer(815301076,1909f56bfc062723c751e8b465ee728b)  -> (artifact id: '961892aada7f6bc468398d8e8604bab5') in 0.014137 seconds 
  Import took 0.020389 seconds .

========================================================================
Received Import Request.
  Time since last request: 0.000299 seconds.
  path: Assets/Engines/Misc SFX/Screwdriver.wav
  artifactKey: Guid(6c4f0df741bf4af4b809f0839ddcc085) Importer(815301076,1909f56bfc062723c751e8b465ee728b)
Start importing Assets/Engines/Misc SFX/Screwdriver.wav using Guid(6c4f0df741bf4af4b809f0839ddcc085) Importer(815301076,1909f56bfc062723c751e8b465ee728b)  -> (artifact id: 'd21c6662008653d75d834ab5f07ae0c2') in 0.015088 seconds 
  Import took 0.021056 seconds .

========================================================================
Received Import Request.
  Time since last request: 0.000289 seconds.
  path: Assets/Engines/Misc SFX/Carn Horn 2.wav
  artifactKey: Guid(016305ef1931b314795872a33dd5286d) Importer(815301076,1909f56bfc062723c751e8b465ee728b)
Start importing Assets/Engines/Misc SFX/Carn Horn 2.wav using Guid(016305ef1931b314795872a33dd5286d) Importer(815301076,1909f56bfc062723c751e8b465ee728b)  -> (artifact id: '3a285ab7f5eb267ec9b23fd3c259b819') in 0.015060 seconds 
  Import took 0.021018 seconds .

========================================================================
Received Prepare
Registering precompiled user dll's ...
Registered in 0.004587 seconds.
Begin MonoManager ReloadAssembly
Native extension for WindowsStandalone target not found
Native extension for WebGL target not found
Refreshing native plugins compatible for Editor in 0.65 ms, found 2 plugins.
Preloading 0 native plugins for Editor in 0.00 ms.
Mono: successfully reloaded assembly
- Completed reload, in  1.296 seconds
Domain Reload Profiling:
	ReloadAssembly (1297ms)
		BeginReloadAssembly (216ms)
			ExecutionOrderSort (0ms)
			DisableScriptedObjects (6ms)
			BackupInstance (0ms)
			ReleaseScriptingObjects (0ms)
			CreateAndSetChildDomain (41ms)
		EndReloadAssembly (1001ms)
			LoadAssemblies (200ms)
			RebuildTransferFunctionScriptingTraits (0ms)
			SetupTypeCache (364ms)
			ReleaseScriptCaches (2ms)
			RebuildScriptCaches (46ms)
			SetupLoadedEditorAssemblies (316ms)
				LogAssemblyErrors (0ms)
				InitializePlatformSupportModulesInManaged (5ms)
				SetLoadedEditorAssemblies (0ms)
				RefreshPlugins (1ms)
				BeforeProcessingInitializeOnLoad (75ms)
				ProcessInitializeOnLoadAttributes (211ms)
				ProcessInitializeOnLoadMethodAttributes (10ms)
				AfterProcessingInitializeOnLoad (15ms)
				EditorAssembliesLoaded (0ms)
			ExecutionOrderSort2 (0ms)
			AwakeInstancesAfterBackupRestoration (17ms)
Platform modules already initialized, skipping
Refreshing native plugins compatible for Editor in 0.77 ms, found 2 plugins.
Preloading 0 native plugins for Editor in 0.00 ms.
Unloading 2704 Unused Serialized files (Serialized files now loaded: 0)
System memory in use before: 124.5 MB.
System memory in use after: 124.8 MB.

Unloading 15 unused Assets to reduce memory usage. Loaded Objects now: 3353.
Total: 4.562200 ms (FindLiveObjects: 0.374200 ms CreateObjectMapping: 0.282100 ms MarkObjects: 3.874500 ms  DeleteObjects: 0.030100 ms)

AssetImportParameters requested are different than current active one (requested -> active):
  custom:framework-win-MediaFoundation: 216162199b28c13a410421893ffa2e32 -> 
  custom:video-decoder-ogg-theora: a1e56fd34408186e4bbccfd4996cb3dc -> 
  custom:container-muxer-webm: aa71ff27fc2769a1b78a27578f13a17b -> 
  custom:container-demuxer-webm: 4f35f7cbe854078d1ac9338744f61a02 -> 
  custom:container-demuxer-ogg: 62fdf1f143b41e24485cea50d1cbac27 -> 
  custom:video-encoder-webm-vp8: eb34c28f22e8b96e1ab97ce403110664 -> 
  custom:video-decoder-webm-vp8: 9c59270c3fd7afecdb556c50c9e8de78 -> 
  custom:audio-decoder-ogg-vorbis: bf7c407c2cedff20999df2af8eb42d56 -> 
  custom:audio-encoder-webm-vorbis: bf7c407c2cedff20999df2af8eb42d56 -> 
========================================================================
Received Prepare
Registering precompiled user dll's ...
Registered in 0.006453 seconds.
Begin MonoManager ReloadAssembly
Native extension for WindowsStandalone target not found
Native extension for WebGL target not found
Refreshing native plugins compatible for Editor in 0.86 ms, found 2 plugins.
Preloading 0 native plugins for Editor in 0.00 ms.
Mono: successfully reloaded assembly
- Completed reload, in  1.487 seconds
Domain Reload Profiling:
	ReloadAssembly (1488ms)
		BeginReloadAssembly (227ms)
			ExecutionOrderSort (0ms)
			DisableScriptedObjects (5ms)
			BackupInstance (0ms)
			ReleaseScriptingObjects (0ms)
			CreateAndSetChildDomain (42ms)
		EndReloadAssembly (1157ms)
			LoadAssemblies (207ms)
			RebuildTransferFunctionScriptingTraits (0ms)
			SetupTypeCache (427ms)
			ReleaseScriptCaches (2ms)
			RebuildScriptCaches (49ms)
			SetupLoadedEditorAssemblies (378ms)
				LogAssemblyErrors (0ms)
				InitializePlatformSupportModulesInManaged (6ms)
				SetLoadedEditorAssemblies (1ms)
				RefreshPlugins (1ms)
				BeforeProcessingInitializeOnLoad (91ms)
				ProcessInitializeOnLoadAttributes (251ms)
				ProcessInitializeOnLoadMethodAttributes (11ms)
				AfterProcessingInitializeOnLoad (17ms)
				EditorAssembliesLoaded (0ms)
			ExecutionOrderSort2 (0ms)
			AwakeInstancesAfterBackupRestoration (20ms)
Platform modules already initialized, skipping
Refreshing native plugins compatible for Editor in 0.63 ms, found 2 plugins.
Preloading 0 native plugins for Editor in 0.00 ms.
Unloading 2704 Unused Serialized files (Serialized files now loaded: 0)
System memory in use before: 124.5 MB.
System memory in use after: 124.8 MB.

Unloading 15 unused Assets to reduce memory usage. Loaded Objects now: 3355.
Total: 4.992200 ms (FindLiveObjects: 0.415600 ms CreateObjectMapping: 0.379800 ms MarkObjects: 4.176000 ms  DeleteObjects: 0.019600 ms)

AssetImportParameters requested are different than current active one (requested -> active):
  custom:framework-win-MediaFoundation: 216162199b28c13a410421893ffa2e32 -> 
  custom:video-decoder-ogg-theora: a1e56fd34408186e4bbccfd4996cb3dc -> 
  custom:container-muxer-webm: aa71ff27fc2769a1b78a27578f13a17b -> 
  custom:container-demuxer-webm: 4f35f7cbe854078d1ac9338744f61a02 -> 
  custom:container-demuxer-ogg: 62fdf1f143b41e24485cea50d1cbac27 -> 
  custom:video-encoder-webm-vp8: eb34c28f22e8b96e1ab97ce403110664 -> 
  custom:video-decoder-webm-vp8: 9c59270c3fd7afecdb556c50c9e8de78 -> 
  custom:audio-decoder-ogg-vorbis: bf7c407c2cedff20999df2af8eb42d56 -> 
  custom:audio-encoder-webm-vorbis: bf7c407c2cedff20999df2af8eb42d56 -> 
========================================================================
Received Prepare
Registering precompiled user dll's ...
Registered in 0.006014 seconds.
Begin MonoManager ReloadAssembly
Native extension for WindowsStandalone target not found
Native extension for WebGL target not found
Refreshing native plugins compatible for Editor in 0.65 ms, found 2 plugins.
Preloading 0 native plugins for Editor in 0.00 ms.
Mono: successfully reloaded assembly
- Completed reload, in  1.313 seconds
Domain Reload Profiling:
	ReloadAssembly (1313ms)
		BeginReloadAssembly (214ms)
			ExecutionOrderSort (0ms)
			DisableScriptedObjects (5ms)
			BackupInstance (0ms)
			ReleaseScriptingObjects (0ms)
			CreateAndSetChildDomain (42ms)
		EndReloadAssembly (1017ms)
			LoadAssemblies (194ms)
			RebuildTransferFunctionScriptingTraits (0ms)
			SetupTypeCache (378ms)
			ReleaseScriptCaches (2ms)
			RebuildScriptCaches (44ms)
			SetupLoadedEditorAssemblies (330ms)
				LogAssemblyErrors (0ms)
				InitializePlatformSupportModulesInManaged (5ms)
				SetLoadedEditorAssemblies (0ms)
				RefreshPlugins (1ms)
				BeforeProcessingInitializeOnLoad (73ms)
				ProcessInitializeOnLoadAttributes (219ms)
				ProcessInitializeOnLoadMethodAttributes (12ms)
				AfterProcessingInitializeOnLoad (18ms)
				EditorAssembliesLoaded (0ms)
			ExecutionOrderSort2 (0ms)
			AwakeInstancesAfterBackupRestoration (20ms)
Platform modules already initialized, skipping
Refreshing native plugins compatible for Editor in 0.61 ms, found 2 plugins.
Preloading 0 native plugins for Editor in 0.00 ms.
Unloading 2704 Unused Serialized files (Serialized files now loaded: 0)
System memory in use before: 124.6 MB.
System memory in use after: 124.8 MB.

Unloading 15 unused Assets to reduce memory usage. Loaded Objects now: 3357.
Total: 4.513300 ms (FindLiveObjects: 0.371200 ms CreateObjectMapping: 0.111900 ms MarkObjects: 3.980800 ms  DeleteObjects: 0.048000 ms)

AssetImportParameters requested are different than current active one (requested -> active):
  custom:framework-win-MediaFoundation: 216162199b28c13a410421893ffa2e32 -> 
  custom:video-decoder-ogg-theora: a1e56fd34408186e4bbccfd4996cb3dc -> 
  custom:container-muxer-webm: aa71ff27fc2769a1b78a27578f13a17b -> 
  custom:container-demuxer-webm: 4f35f7cbe854078d1ac9338744f61a02 -> 
  custom:container-demuxer-ogg: 62fdf1f143b41e24485cea50d1cbac27 -> 
  custom:video-encoder-webm-vp8: eb34c28f22e8b96e1ab97ce403110664 -> 
  custom:video-decoder-webm-vp8: 9c59270c3fd7afecdb556c50c9e8de78 -> 
  custom:audio-decoder-ogg-vorbis: bf7c407c2cedff20999df2af8eb42d56 -> 
  custom:audio-encoder-webm-vorbis: bf7c407c2cedff20999df2af8eb42d56 -> 
AssetImportWorkerClient::OnTransportError - code=2 error=End of file
